[0.273s] Invoking command in '/home/user/TurtleBot/src/turtlebot_keyboard': PYTHONPATH=/home/user/TurtleBot/build/turtlebot_keyboard/prefix_override:/usr/lib/python3/dist-packages/colcon_core/task/python/colcon_distutils_commands:/home/user/TurtleBot/install/turtlebot_keyboard/lib/python3.12/site-packages:${PYTHONPATH} /usr/bin/python3 -W ignore:setup.py install is deprecated -W ignore:easy_install command is deprecated setup.py egg_info --egg-base ../../build/turtlebot_keyboard build --build-base /home/user/TurtleBot/build/turtlebot_keyboard/build install --record /home/user/TurtleBot/build/turtlebot_keyboard/install.log --single-version-externally-managed install_data
[0.354s] running egg_info
[0.357s] creating ../../build/turtlebot_keyboard/turtlebot_keyboard.egg-info
[0.358s] writing ../../build/turtlebot_keyboard/turtlebot_keyboard.egg-info/PKG-INFO
[0.359s] writing dependency_links to ../../build/turtlebot_keyboard/turtlebot_keyboard.egg-info/dependency_links.txt
[0.359s] writing entry points to ../../build/turtlebot_keyboard/turtlebot_keyboard.egg-info/entry_points.txt
[0.360s] writing requirements to ../../build/turtlebot_keyboard/turtlebot_keyboard.egg-info/requires.txt
[0.361s] writing top-level names to ../../build/turtlebot_keyboard/turtlebot_keyboard.egg-info/top_level.txt
[0.381s] writing manifest file '../../build/turtlebot_keyboard/turtlebot_keyboard.egg-info/SOURCES.txt'
[0.392s] reading manifest file '../../build/turtlebot_keyboard/turtlebot_keyboard.egg-info/SOURCES.txt'
[0.392s] writing manifest file '../../build/turtlebot_keyboard/turtlebot_keyboard.egg-info/SOURCES.txt'
[0.393s] running build
[0.393s] running build_py
[0.394s] creating /home/user/TurtleBot/build/turtlebot_keyboard/build
[0.394s] creating /home/user/TurtleBot/build/turtlebot_keyboard/build/lib
[0.394s] creating /home/user/TurtleBot/build/turtlebot_keyboard/build/lib/turtlebot_keyboard
[0.394s] copying turtlebot_keyboard/keyboard_controller.py -> /home/user/TurtleBot/build/turtlebot_keyboard/build/lib/turtlebot_keyboard
[0.395s] copying turtlebot_keyboard/__init__.py -> /home/user/TurtleBot/build/turtlebot_keyboard/build/lib/turtlebot_keyboard
[0.399s] running install
[0.402s] running install_lib
[0.403s] creating /home/user/TurtleBot/install/turtlebot_keyboard/lib/python3.12/site-packages/turtlebot_keyboard
[0.403s] copying /home/user/TurtleBot/build/turtlebot_keyboard/build/lib/turtlebot_keyboard/keyboard_controller.py -> /home/user/TurtleBot/install/turtlebot_keyboard/lib/python3.12/site-packages/turtlebot_keyboard
[0.404s] copying /home/user/TurtleBot/build/turtlebot_keyboard/build/lib/turtlebot_keyboard/__init__.py -> /home/user/TurtleBot/install/turtlebot_keyboard/lib/python3.12/site-packages/turtlebot_keyboard
[0.406s] byte-compiling /home/user/TurtleBot/install/turtlebot_keyboard/lib/python3.12/site-packages/turtlebot_keyboard/keyboard_controller.py to keyboard_controller.cpython-312.pyc
[0.407s] byte-compiling /home/user/TurtleBot/install/turtlebot_keyboard/lib/python3.12/site-packages/turtlebot_keyboard/__init__.py to __init__.cpython-312.pyc
[0.407s] running install_data
[0.408s] creating /home/user/TurtleBot/install/turtlebot_keyboard/share/ament_index
[0.408s] creating /home/user/TurtleBot/install/turtlebot_keyboard/share/ament_index/resource_index
[0.409s] creating /home/user/TurtleBot/install/turtlebot_keyboard/share/ament_index/resource_index/packages
[0.409s] copying resource/turtlebot_keyboard -> /home/user/TurtleBot/install/turtlebot_keyboard/share/ament_index/resource_index/packages
[0.410s] copying package.xml -> /home/user/TurtleBot/install/turtlebot_keyboard/share/turtlebot_keyboard
[0.410s] running install_egg_info
[0.416s] Copying ../../build/turtlebot_keyboard/turtlebot_keyboard.egg-info to /home/user/TurtleBot/install/turtlebot_keyboard/lib/python3.12/site-packages/turtlebot_keyboard-0.1.0-py3.12.egg-info
[0.420s] running install_scripts
[0.438s] Installing keyboard_controller script to /home/user/TurtleBot/install/turtlebot_keyboard/lib/turtlebot_keyboard
[0.439s] writing list of installed files to '/home/user/TurtleBot/build/turtlebot_keyboard/install.log'
[0.452s] Invoked command in '/home/user/TurtleBot/src/turtlebot_keyboard' returned '0': PYTHONPATH=/home/user/TurtleBot/build/turtlebot_keyboard/prefix_override:/usr/lib/python3/dist-packages/colcon_core/task/python/colcon_distutils_commands:/home/user/TurtleBot/install/turtlebot_keyboard/lib/python3.12/site-packages:${PYTHONPATH} /usr/bin/python3 -W ignore:setup.py install is deprecated -W ignore:easy_install command is deprecated setup.py egg_info --egg-base ../../build/turtlebot_keyboard build --build-base /home/user/TurtleBot/build/turtlebot_keyboard/build install --record /home/user/TurtleBot/build/turtlebot_keyboard/install.log --single-version-externally-managed install_data
